<?xml version="1.0" encoding="UTF-8"?>
<testsuite name="MTStressTest" tests="1" skipped="0" failures="0" errors="0" timestamp="2023-03-13T19:30:15" hostname="DESKTOP-VCC83TT" time="10.671">
  <properties/>
  <testcase name="testStress" classname="MTStressTest" time="10.671"/>
  <system-out><![CDATA[Phase # 1 - done     78,494 ops (warm up)
Phase # 2 - done    319,864 ops (warm up)
Phase # 3 - done    454,728 ops (warm up)
Phase # 4 - done    443,620 ops (warm up)
Phase # 5 - done    311,640 ops (warm up)
Phase # 6 - done    302,874 ops (measure)
Phase # 7 - done    364,092 ops (measure)
Phase # 8 - done    229,341 ops (measure)
Phase # 9 - done    406,754 ops (measure)
Phase #10 - done    154,682 ops (measure)
Average ops per phase: 291,549 +- 101,569
]]></system-out>
  <system-err><![CDATA[]]></system-err>
</testsuite>
